<?xml version="1.0" encoding="UTF-8"?>
<!-- Generated by org.testng.reporters.JUnitReportReporter -->
<testsuite hostname="suresh-VAIO" name="InvocationCountTest" tests="20" failures="0" timestamp="5 Jul 2019 02:57:04 GMT" time="0.033" errors="0">
  <testcase name="sum" time="0.001" classname="InvocationCountTest"/>
  <testcase name="sum" time="0.004" classname="InvocationCountTest"/>
  <testcase name="sum" time="0.001" classname="InvocationCountTest"/>
  <testcase name="sum" time="0.001" classname="InvocationCountTest"/>
  <testcase name="sum" time="0.000" classname="InvocationCountTest"/>
  <testcase name="sum" time="0.002" classname="InvocationCountTest"/>
  <testcase name="sum" time="0.001" classname="InvocationCountTest"/>
  <testcase name="sum" time="0.001" classname="InvocationCountTest"/>
  <testcase name="sum" time="0.001" classname="InvocationCountTest"/>
  <testcase name="sum" time="0.002" classname="InvocationCountTest"/>
  <testcase name="sum" time="0.001" classname="InvocationCountTest"/>
  <testcase name="sum" time="0.001" classname="InvocationCountTest"/>
  <testcase name="sum" time="0.001" classname="InvocationCountTest"/>
  <testcase name="sum" time="0.000" classname="InvocationCountTest"/>
  <testcase name="sum" time="0.003" classname="InvocationCountTest"/>
  <testcase name="sum" time="0.001" classname="InvocationCountTest"/>
  <testcase name="sum" time="0.002" classname="InvocationCountTest"/>
  <testcase name="sum" time="0.007" classname="InvocationCountTest"/>
  <testcase name="sum" time="0.001" classname="InvocationCountTest"/>
  <testcase name="sum" time="0.002" classname="InvocationCountTest"/>
</testsuite> <!-- InvocationCountTest -->
