<?xml version="1.0" encoding="UTF-8"?>
<!-- Generated by org.testng.reporters.JUnitReportReporter -->
<testsuite hostname="suresh-VAIO" name="ExecptionTimeOut" tests="1" failures="0" timestamp="5 Jul 2019 02:57:04 GMT" time="0.002" errors="0">
  <testcase name="test1" time="0.002" classname="ExecptionTimeOut"/>
</testsuite> <!-- ExecptionTimeOut -->
