<?xml version="1.0" encoding="UTF-8"?>
<!-- Generated by org.testng.reporters.JUnitReportReporter -->
<testsuite hostname="suresh-VAIO" name="ParameterTestNG.Parameter" tests="1" failures="0" timestamp="16 Jul 2019 07:04:57 GMT" time="9.380" errors="0">
  <testcase name="yahooLoginTest" time="9.380" classname="ParameterTestNG.Parameter"/>
</testsuite> <!-- ParameterTestNG.Parameter -->
