<?xml version="1.0" encoding="UTF-8"?>
<!-- Generated by org.testng.reporters.JUnitReportReporter -->
<testsuite hostname="suresh-VAIO" name="InnocationCountTest" tests="1" failures="0" timestamp="4 Jul 2019 18:58:11 GMT" time="0.015" errors="0">
  <testcase name="sum" time="0.015" classname="InnocationCountTest"/>
</testsuite> <!-- InnocationCountTest -->
