<?xml version="1.0" encoding="UTF-8"?>
<!-- Generated by org.testng.reporters.JUnitReportReporter -->
<testsuite hostname="suresh-VAIO" name="TestNG" tests="4" failures="0" timestamp="10 Jul 2019 16:19:23 GMT" time="0.024" errors="0">
  <testcase name="getTitle" time="0.018" classname="TestNG"/>
  <testcase name="login" time="0.003" classname="TestNG"/>
  <testcase name="googleTitle" time="0.001" classname="TestNG"/>
  <testcase name="searchPage" time="0.002" classname="TestNG"/>
</testsuite> <!-- TestNG -->
