<?xml version="1.0" encoding="UTF-8"?>
<!-- Generated by org.testng.reporters.JUnitReportReporter -->
<testsuite hostname="suresh-VAIO" name="InterviewQandA.AJAXHandling" tests="1" failures="0" timestamp="17 Aug 2019 06:06:47 GMT" time="0.864" errors="0">
  <testcase name="test_AjaxExample" time="0.864" classname="InterviewQandA.AJAXHandling"/>
</testsuite> <!-- InterviewQandA.AJAXHandling -->
