<?xml version="1.0" encoding="UTF-8"?>
<!-- Generated by org.testng.reporters.JUnitReportReporter -->
<testsuite hostname="suresh-VAIO" name="DataProvider.DataProviderDemo" tests="3" failures="0" timestamp="17 Aug 2019 05:14:19 GMT" time="30.981" errors="0">
  <testcase name="facebookLogIn" time="11.837" classname="DataProvider.DataProviderDemo"/>
  <testcase name="facebookLogIn" time="9.137" classname="DataProvider.DataProviderDemo"/>
  <testcase name="facebookLogIn" time="10.007" classname="DataProvider.DataProviderDemo"/>
</testsuite> <!-- DataProvider.DataProviderDemo -->
