<?xml version="1.0" encoding="UTF-8"?>
<!-- Generated by org.testng.reporters.JUnitReportReporter -->
<testsuite hostname="suresh-VAIO" name="Guru99DemoSites.DateandTimePicker" tests="1" failures="0" timestamp="12 Aug 2019 17:16:00 GMT" time="15.630" errors="0">
  <testcase name="testDatePicker" time="15.630" classname="Guru99DemoSites.DateandTimePicker"/>
</testsuite> <!-- Guru99DemoSites.DateandTimePicker -->
