<?xml version="1.0" encoding="UTF-8"?>
<!-- Generated by org.testng.reporters.JUnitReportReporter -->
<testsuite hostname="suresh-VAIO" name="TestNG.Listener" tests="2" failures="0" timestamp="13 Aug 2019 09:59:38 GMT" time="8.242" errors="0">
  <testcase name="youtubePage" time="4.616" classname="TestNG.Listener"/>
  <testcase name="facebookPage" time="3.626" classname="TestNG.Listener"/>
</testsuite> <!-- TestNG.Listener -->
