<?xml version="1.0" encoding="UTF-8"?>
<!-- Generated by org.testng.reporters.JUnitReportReporter -->
<testsuite hostname="suresh-VAIO" name="TestNG.ExepectedExecption" tests="3" failures="0" timestamp="17 Jul 2019 02:28:35 GMT" time="0.006" errors="0">
  <testcase name="test" time="0.002" classname="TestNG.ExepectedExecption"/>
  <testcase name="test2" time="0.001" classname="TestNG.ExepectedExecption"/>
  <testcase name="Expection" time="0.003" classname="TestNG.ExepectedExecption"/>
</testsuite> <!-- TestNG.ExepectedExecption -->
