<?xml version="1.0" encoding="UTF-8"?>
<!-- Generated by org.testng.reporters.JUnitReportReporter -->
<testsuite hostname="suresh-VAIO" name="TestNG.ExecptionTimeOutTest" tests="1" failures="0" timestamp="17 Jul 2019 02:28:35 GMT" time="0.019" errors="0">
  <testcase name="infinate" time="0.019" classname="TestNG.ExecptionTimeOutTest"/>
</testsuite> <!-- TestNG.ExecptionTimeOutTest -->
