<?xml version="1.0" encoding="UTF-8"?>
<!-- Generated by org.testng.reporters.JUnitReportReporter -->
<testsuite hostname="suresh-VAIO" name="TestNG.InvocationCountTest" tests="5" failures="0" timestamp="17 Jul 2019 02:28:35 GMT" time="0.010" errors="0">
  <testcase name="sum" time="0.002" classname="TestNG.InvocationCountTest"/>
  <testcase name="sum" time="0.001" classname="TestNG.InvocationCountTest"/>
  <testcase name="sum" time="0.002" classname="TestNG.InvocationCountTest"/>
  <testcase name="sum" time="0.002" classname="TestNG.InvocationCountTest"/>
  <testcase name="sum" time="0.003" classname="TestNG.InvocationCountTest"/>
</testsuite> <!-- TestNG.InvocationCountTest -->
