<?xml version="1.0" encoding="UTF-8"?>
<!-- Generated by org.testng.reporters.JUnitReportReporter -->
<testsuite hostname="suresh-VAIO" name="TestNG.AlwaysRun" tests="2" failures="0" timestamp="13 Aug 2019 08:27:55 GMT" time="27.616" errors="0">
  <testcase name="logInPage" time="11.002" classname="TestNG.AlwaysRun"/>
  <testcase name="youtubeSearch" time="16.614" classname="TestNG.AlwaysRun"/>
</testsuite> <!-- TestNG.AlwaysRun -->
