<?xml version="1.0" encoding="UTF-8"?>
<!-- Generated by org.testng.reporters.JUnitReportReporter -->
<testsuite hostname="suresh-VAIO" name="GoogleTestNG" tests="6" failures="0" timestamp="5 Jul 2019 02:57:04 GMT" time="31.991" errors="0">
  <testcase name="googleurl" time="5.040" classname="GoogleTestNG"/>
  <testcase name="selectImages" time="5.507" classname="GoogleTestNG"/>
  <testcase name="googleTitle" time="5.100" classname="GoogleTestNG"/>
  <testcase name="logoSearch" time="6.186" classname="GoogleTestNG"/>
  <testcase name="GmailLink" time="5.204" classname="GoogleTestNG"/>
  <testcase name="google" time="4.954" classname="GoogleTestNG"/>
</testsuite> <!-- GoogleTestNG -->
