<?xml version="1.0" encoding="UTF-8"?>
<!-- Generated by org.testng.reporters.JUnitReportReporter -->
<testsuite hostname="suresh-VAIO" name="ListenerSE.ListenerTest" tests="2" failures="0" timestamp="13 Aug 2019 11:16:04 GMT" time="14.333" errors="0">
  <testcase name="demoAutomation" time="6.315" classname="ListenerSE.ListenerTest"/>
  <testcase name="openJQuaryPage" time="8.018" classname="ListenerSE.ListenerTest"/>
</testsuite> <!-- ListenerSE.ListenerTest -->
