<?xml version="1.0" encoding="UTF-8"?>
<!-- Generated by org.testng.reporters.JUnitReportReporter -->
<testsuite hostname="suresh-VAIO" name="InterviewQandA.ScrollDownandUp" tests="1" failures="0" timestamp="13 Aug 2019 16:24:01 GMT" time="7.214" errors="0">
  <testcase name="ScrollDownUp" time="7.214" classname="InterviewQandA.ScrollDownandUp"/>
</testsuite> <!-- InterviewQandA.ScrollDownandUp -->
