<?xml version="1.0" encoding="UTF-8"?>
<!-- Generated by org.testng.reporters.JUnitReportReporter -->
<testsuite hostname="suresh-VAIO" name="TestNG.TestNGFeatures" tests="4" failures="0" timestamp="17 Jul 2019 02:28:35 GMT" time="0.005" errors="0">
  <testcase name="logOutPage" time="0.001" classname="TestNG.TestNGFeatures"/>
  <testcase name="searchPage" time="0.002" classname="TestNG.TestNGFeatures"/>
  <testcase name="openFolder" time="0.001" classname="TestNG.TestNGFeatures"/>
  <testcase name="logInPage" time="0.001" classname="TestNG.TestNGFeatures"/>
</testsuite> <!-- TestNG.TestNGFeatures -->
