<?xml version="1.0" encoding="UTF-8"?>
<!-- Generated by org.testng.reporters.JUnitReportReporter -->
<testsuite hostname="suresh-VAIO" name="DataDrivenTest.DataProvider" tests="1" failures="0" timestamp="16 Jul 2019 16:13:02 GMT" time="10.116" errors="0">
  <testcase name="naresh" time="10.116" classname="DataDrivenTest.DataProvider"/>
</testsuite> <!-- DataDrivenTest.DataProvider -->
