<?xml version="1.0" encoding="UTF-8"?>
<!-- Generated by org.testng.reporters.JUnitReportReporter -->
<testsuite hostname="suresh-VAIO" name="DataProvider.DataProviderExcel" tests="3" failures="0" timestamp="31 Jul 2019 08:02:03 GMT" time="26.683" errors="0">
  <testcase name="facebookLogIn" time="9.353" classname="DataProvider.DataProviderExcel"/>
  <testcase name="facebookLogIn" time="7.419" classname="DataProvider.DataProviderExcel"/>
  <testcase name="facebookLogIn" time="9.911" classname="DataProvider.DataProviderExcel"/>
</testsuite> <!-- DataProvider.DataProviderExcel -->
