<?xml version="1.0" encoding="UTF-8"?>
<!-- Generated by org.testng.reporters.JUnitReportReporter -->
<testsuite hostname="suresh-VAIO" name="TestNG.Testng" tests="2" failures="0" timestamp="18 Aug 2019 17:14:38 GMT" time="12.979" errors="0">
  <testcase name="youtubeopen" time="4.224" classname="TestNG.Testng"/>
  <testcase name="launchgooglepage" time="8.755" classname="TestNG.Testng"/>
</testsuite> <!-- TestNG.Testng -->
