<?xml version="1.0" encoding="UTF-8"?>
<!-- Generated by org.testng.reporters.JUnitReportReporter -->
<testsuite hostname="suresh-VAIO" name="TestNG.ListenerTest" tests="2" failures="0" timestamp="13 Aug 2019 12:43:15 GMT" time="18.194" errors="0">
  <testcase name="demoAutomation" time="10.146" classname="TestNG.ListenerTest"/>
  <testcase name="openJQuaryPage" time="8.048" classname="TestNG.ListenerTest"/>
</testsuite> <!-- TestNG.ListenerTest -->
