<?xml version="1.0" encoding="UTF-8"?>
<!-- Generated by org.testng.reporters.JUnitReportReporter -->
<testsuite hostname="suresh-VAIO" name="TestNG.BasicTestNG" tests="3" failures="0" timestamp="13 Aug 2019 07:04:34 GMT" time="13.336" errors="0">
  <testcase name="openFacebook" time="3.158" classname="TestNG.BasicTestNG"/>
  <testcase name="openBookMyShow" time="6.636" classname="TestNG.BasicTestNG"/>
  <testcase name="openYoutube" time="3.542" classname="TestNG.BasicTestNG"/>
</testsuite> <!-- TestNG.BasicTestNG -->
