<?xml version="1.0" encoding="UTF-8"?>
<!-- Generated by org.testng.reporters.JUnitReportReporter -->
<testsuite hostname="suresh-VAIO" name="TestNG.BasicsOfTestNG" tests="2" failures="0" timestamp="13 Aug 2019 08:27:55 GMT" time="0.009" errors="0">
  <testcase name="searchpage" time="0.002" classname="TestNG.BasicsOfTestNG"/>
  <testcase name="googleTitle" time="0.007" classname="TestNG.BasicsOfTestNG"/>
</testsuite> <!-- TestNG.BasicsOfTestNG -->
