<?xml version="1.0" encoding="UTF-8"?>
<!-- Generated by org.testng.reporters.JUnitReportReporter -->
<testsuite hostname="suresh-VAIO" name="TestNG.GoogleTitlePage" tests="3" failures="0" timestamp="17 Jul 2019 02:28:35 GMT" time="23.349" errors="0">
  <testcase name="condtionTrue" time="6.352" classname="TestNG.GoogleTitlePage"/>
  <testcase name="PageTitle" time="6.425" classname="TestNG.GoogleTitlePage"/>
  <testcase name="clickLink" time="10.572" classname="TestNG.GoogleTitlePage"/>
</testsuite> <!-- TestNG.GoogleTitlePage -->
