<?xml version="1.0" encoding="UTF-8"?>
<!-- Generated by org.testng.reporters.JUnitReportReporter -->
<testsuite hostname="suresh-VAIO" name="TestNG.MultipleSessions" tests="3" failures="0" timestamp="13 Aug 2019 11:55:38 GMT" time="27.240" errors="0">
  <testcase name="facebookHomePage" time="8.564" classname="TestNG.MultipleSessions"/>
  <testcase name="youtubeHomePage" time="10.630" classname="TestNG.MultipleSessions"/>
  <testcase name="googleHomePage" time="8.046" classname="TestNG.MultipleSessions"/>
</testsuite> <!-- TestNG.MultipleSessions -->
