<?xml version="1.0" encoding="UTF-8"?>
<!-- Generated by org.testng.reporters.JUnitReportReporter -->
<testsuite hostname="suresh-VAIO" name="AdvancedTestNG" tests="6" failures="0" timestamp="5 Jul 2019 02:57:04 GMT" time="0.006" errors="0">
  <testcase name="closebrowser" time="0.001" classname="AdvancedTestNG"/>
  <testcase name="billpayment" time="0.001" classname="AdvancedTestNG"/>
  <testcase name="login" time="0.001" classname="AdvancedTestNG"/>
  <testcase name="registrationform" time="0.001" classname="AdvancedTestNG"/>
  <testcase name="homepage" time="0.001" classname="AdvancedTestNG"/>
  <testcase name="paymentsuccessfully" time="0.001" classname="AdvancedTestNG"/>
</testsuite> <!-- AdvancedTestNG -->
